This file contains any messages produced by compilers while
running configure, to aid debugging if configure makes a mistake.

It was created by Parallel Network Scanner configure 1.14.1, which was
generated by GNU Autoconf 2.69.  Invocation command line was

  $ ./configure 

## --------- ##
## Platform. ##
## --------- ##

hostname = codespaces-7588f6
uname -m = x86_64
uname -r = 6.5.0-1022-azure
uname -s = Linux
uname -v = #23~22.04.1-Ubuntu SMP Thu May  9 17:59:24 UTC 2024

/usr/bin/uname -p = x86_64
/bin/uname -X     = unknown

/bin/arch              = x86_64
/usr/bin/arch -k       = unknown
/usr/convex/getsysinfo = unknown
/usr/bin/hostinfo      = unknown
/bin/machine           = unknown
/usr/bin/oslevel       = unknown
/bin/universe          = unknown

PATH: /usr/local/rvm/gems/ruby-3.2.4/bin
PATH: /usr/local/rvm/gems/ruby-3.2.4@global/bin
PATH: /usr/local/rvm/rubies/ruby-3.2.4/bin
PATH: /vscode/bin/linux-x64/f1e16e1e6214d7c44d078b1f0607b2388f29d729/bin/remote-cli
PATH: /home/codespace/.local/bin
PATH: /home/codespace/.dotnet
PATH: /home/codespace/nvm/current/bin
PATH: /home/codespace/.php/current/bin
PATH: /home/codespace/.python/current/bin
PATH: /home/codespace/java/current/bin
PATH: /home/codespace/.ruby/current/bin
PATH: /home/codespace/.local/bin
PATH: /usr/local/python/current/bin
PATH: /usr/local/py-utils/bin
PATH: /usr/local/oryx
PATH: /usr/local/go/bin
PATH: /go/bin
PATH: /usr/local/sdkman/bin
PATH: /usr/local/sdkman/candidates/java/current/bin
PATH: /usr/local/sdkman/candidates/gradle/current/bin
PATH: /usr/local/sdkman/candidates/maven/current/bin
PATH: /usr/local/sdkman/candidates/ant/current/bin
PATH: /usr/local/rvm/gems/default/bin
PATH: /usr/local/rvm/gems/default@global/bin
PATH: /usr/local/rvm/rubies/default/bin
PATH: /usr/local/share/rbenv/bin
PATH: /usr/local/php/current/bin
PATH: /opt/conda/bin
PATH: /usr/local/nvs
PATH: /usr/local/share/nvm/versions/node/v20.15.1/bin
PATH: /usr/local/hugo/bin
PATH: /usr/local/sbin
PATH: /usr/local/bin
PATH: /usr/sbin
PATH: /usr/bin
PATH: /sbin
PATH: /bin
PATH: /usr/share/dotnet
PATH: /home/codespace/.dotnet/tools
PATH: /usr/local/rvm/bin


## ----------- ##
## Core tests. ##
## ----------- ##

configure:2170: checking for gcc
configure:2186: found /usr/bin/gcc
configure:2197: result: gcc
configure:2426: checking for C compiler version
configure:2435: gcc --version >&5
gcc (Ubuntu 9.4.0-1ubuntu1~20.04.2) 9.4.0
Copyright (C) 2019 Free Software Foundation, Inc.
This is free software; see the source for copying conditions.  There is NO
warranty; not even for MERCHANTABILITY or FITNESS FOR A PARTICULAR PURPOSE.

configure:2446: $? = 0
configure:2435: gcc -v >&5
Using built-in specs.
COLLECT_GCC=gcc
COLLECT_LTO_WRAPPER=/usr/lib/gcc/x86_64-linux-gnu/9/lto-wrapper
OFFLOAD_TARGET_NAMES=nvptx-none:hsa
OFFLOAD_TARGET_DEFAULT=1
Target: x86_64-linux-gnu
Configured with: ../src/configure -v --with-pkgversion='Ubuntu 9.4.0-1ubuntu1~20.04.2' --with-bugurl=file:///usr/share/doc/gcc-9/README.Bugs --enable-languages=c,ada,c++,go,brig,d,fortran,objc,obj-c++,gm2 --prefix=/usr --with-gcc-major-version-only --program-suffix=-9 --program-prefix=x86_64-linux-gnu- --enable-shared --enable-linker-build-id --libexecdir=/usr/lib --without-included-gettext --enable-threads=posix --libdir=/usr/lib --enable-nls --enable-clocale=gnu --enable-libstdcxx-debug --enable-libstdcxx-time=yes --with-default-libstdcxx-abi=new --enable-gnu-unique-object --disable-vtable-verify --enable-plugin --enable-default-pie --with-system-zlib --with-target-system-zlib=auto --enable-objc-gc=auto --enable-multiarch --disable-werror --with-arch-32=i686 --with-abi=m64 --with-multilib-list=m32,m64,mx32 --enable-multilib --with-tune=generic --enable-offload-targets=nvptx-none=/build/gcc-9-9QDOt0/gcc-9-9.4.0/debian/tmp-nvptx/usr,hsa --without-cuda-driver --enable-checking=release --build=x86_64-linux-gnu --host=x86_64-linux-gnu --target=x86_64-linux-gnu
Thread model: posix
gcc version 9.4.0 (Ubuntu 9.4.0-1ubuntu1~20.04.2) 
configure:2446: $? = 0
configure:2435: gcc -V >&5
gcc: error: unrecognized command line option '-V'
gcc: fatal error: no input files
compilation terminated.
configure:2446: $? = 1
configure:2435: gcc -qversion >&5
gcc: error: unrecognized command line option '-qversion'; did you mean '--version'?
gcc: fatal error: no input files
compilation terminated.
configure:2446: $? = 1
configure:2466: checking whether the C compiler works
configure:2488: gcc    conftest.c  >&5
configure:2492: $? = 0
configure:2540: result: yes
configure:2543: checking for C compiler default output file name
configure:2545: result: a.out
configure:2551: checking for suffix of executables
configure:2558: gcc -o conftest    conftest.c  >&5
configure:2562: $? = 0
configure:2584: result: 
configure:2606: checking whether we are cross compiling
configure:2614: gcc -o conftest    conftest.c  >&5
configure:2618: $? = 0
configure:2625: ./conftest
configure:2629: $? = 0
configure:2617: result: no
configure:2622: checking for suffix of object files
configure:2644: gcc -c   conftest.c >&5
configure:2648: $? = 0
configure:2669: result: o
configure:2673: checking whether we are using the GNU C compiler
configure:2692: gcc -c   conftest.c >&5
configure:2692: $? = 0
configure:2701: result: yes
configure:2710: checking whether gcc accepts -g
configure:2730: gcc -c -g  conftest.c >&5
configure:2730: $? = 0
configure:2771: result: yes
configure:2788: checking for gcc option to accept ISO C89
configure:2851: gcc  -c -g -O2  conftest.c >&5
configure:2851: $? = 0
configure:2864: result: none needed
configure:2898: checking for a BSD-compatible install
configure:2966: result: /usr/bin/install -c
configure:2977: checking whether make sets $(MAKE)
configure:2999: result: yes
configure:3011: checking for library containing pthread_create
configure:3042: gcc -o conftest -g -O2   conftest.c  >&5
/usr/bin/ld: /tmp/ccr05hNF.o: in function `main':
/workspaces/Docker-Botnets/teamtnt_kiss_a_dog/xm_miner/pnscan-master/conftest.c:20: undefined reference to `pthread_create'
collect2: error: ld returned 1 exit status
configure:3042: $? = 1
configure: failed program was:
| /* confdefs.h */
| #define PACKAGE_NAME "Parallel Network Scanner"
| #define PACKAGE_TARNAME "pnscan"
| #define PACKAGE_VERSION "1.14.1"
| #define PACKAGE_STRING "Parallel Network Scanner 1.14.1"
| #define PACKAGE_BUGREPORT "pen@lysator.liu.se"
| #define PACKAGE_URL "https://github.com/ptrrkssn/pnscan"
| /* end confdefs.h.  */
| 
| /* Override any GCC internal prototype to avoid an error.
|    Use char because int might match the return type of a GCC
|    builtin and then its argument prototype would still apply.  */
| #ifdef __cplusplus
| extern "C"
| #endif
| char pthread_create ();
| int
| main ()
| {
| return pthread_create ();
|   ;
|   return 0;
| }
configure:3042: gcc -o conftest -g -O2   conftest.c -lpthread   >&5
configure:3042: $? = 0
configure:3059: result: -lpthread
configure:3067: checking for library containing connect
configure:3098: gcc -o conftest -g -O2   conftest.c -lpthread  >&5
configure:3098: $? = 0
configure:3115: result: none required
configure:3123: checking for library containing gethostbyname
configure:3154: gcc -o conftest -g -O2   conftest.c -lpthread  >&5
configure:3154: $? = 0
configure:3171: result: none required
configure:3186: checking how to run the C preprocessor
configure:3217: gcc -E  conftest.c
configure:3217: $? = 0
configure:3231: gcc -E  conftest.c
conftest.c:9:10: fatal error: ac_nonexistent.h: No such file or directory
    9 | #include <ac_nonexistent.h>
      |          ^~~~~~~~~~~~~~~~~~
compilation terminated.
configure:3231: $? = 1
configure: failed program was:
| /* confdefs.h */
| #define PACKAGE_NAME "Parallel Network Scanner"
| #define PACKAGE_TARNAME "pnscan"
| #define PACKAGE_VERSION "1.14.1"
| #define PACKAGE_STRING "Parallel Network Scanner 1.14.1"
| #define PACKAGE_BUGREPORT "pen@lysator.liu.se"
| #define PACKAGE_URL "https://github.com/ptrrkssn/pnscan"
| /* end confdefs.h.  */
| #include <ac_nonexistent.h>
configure:3256: result: gcc -E
configure:3276: gcc -E  conftest.c
configure:3276: $? = 0
configure:3290: gcc -E  conftest.c
conftest.c:9:10: fatal error: ac_nonexistent.h: No such file or directory
    9 | #include <ac_nonexistent.h>
      |          ^~~~~~~~~~~~~~~~~~
compilation terminated.
configure:3290: $? = 1
configure: failed program was:
| /* confdefs.h */
| #define PACKAGE_NAME "Parallel Network Scanner"
| #define PACKAGE_TARNAME "pnscan"
| #define PACKAGE_VERSION "1.14.1"
| #define PACKAGE_STRING "Parallel Network Scanner 1.14.1"
| #define PACKAGE_BUGREPORT "pen@lysator.liu.se"
| #define PACKAGE_URL "https://github.com/ptrrkssn/pnscan"
| /* end confdefs.h.  */
| #include <ac_nonexistent.h>
configure:3319: checking for grep that handles long lines and -e
configure:3377: result: /usr/bin/grep
configure:3382: checking for egrep
configure:3444: result: /usr/bin/grep -E
configure:3449: checking for ANSI C header files
configure:3469: gcc -c -g -O2  conftest.c >&5
configure:3469: $? = 0
configure:3542: gcc -o conftest -g -O2   conftest.c -lpthread  >&5
configure:3542: $? = 0
configure:3542: ./conftest
configure:3542: $? = 0
configure:3553: result: yes
configure:3566: checking for sys/types.h
configure:3566: gcc -c -g -O2  conftest.c >&5
configure:3566: $? = 0
configure:3566: result: yes
configure:3566: checking for sys/stat.h
configure:3566: gcc -c -g -O2  conftest.c >&5
configure:3566: $? = 0
configure:3566: result: yes
configure:3566: checking for stdlib.h
configure:3566: gcc -c -g -O2  conftest.c >&5
configure:3566: $? = 0
configure:3566: result: yes
configure:3566: checking for string.h
configure:3566: gcc -c -g -O2  conftest.c >&5
configure:3566: $? = 0
configure:3566: result: yes
configure:3566: checking for memory.h
configure:3566: gcc -c -g -O2  conftest.c >&5
configure:3566: $? = 0
configure:3566: result: yes
configure:3566: checking for strings.h
configure:3566: gcc -c -g -O2  conftest.c >&5
configure:3566: $? = 0
configure:3566: result: yes
configure:3566: checking for inttypes.h
configure:3566: gcc -c -g -O2  conftest.c >&5
configure:3566: $? = 0
configure:3566: result: yes
configure:3566: checking for stdint.h
configure:3566: gcc -c -g -O2  conftest.c >&5
configure:3566: $? = 0
configure:3566: result: yes
configure:3566: checking for unistd.h
configure:3566: gcc -c -g -O2  conftest.c >&5
configure:3566: $? = 0
configure:3566: result: yes
configure:3581: checking arpa/inet.h usability
configure:3581: gcc -c -g -O2  conftest.c >&5
configure:3581: $? = 0
configure:3581: result: yes
configure:3581: checking arpa/inet.h presence
configure:3581: gcc -E  conftest.c
configure:3581: $? = 0
configure:3581: result: yes
configure:3581: checking for arpa/inet.h
configure:3581: result: yes
configure:3581: checking fcntl.h usability
configure:3581: gcc -c -g -O2  conftest.c >&5
configure:3581: $? = 0
configure:3581: result: yes
configure:3581: checking fcntl.h presence
configure:3581: gcc -E  conftest.c
configure:3581: $? = 0
configure:3581: result: yes
configure:3581: checking for fcntl.h
configure:3581: result: yes
configure:3581: checking locale.h usability
configure:3581: gcc -c -g -O2  conftest.c >&5
configure:3581: $? = 0
configure:3581: result: yes
configure:3581: checking locale.h presence
configure:3581: gcc -E  conftest.c
configure:3581: $? = 0
configure:3581: result: yes
configure:3581: checking for locale.h
configure:3581: result: yes
configure:3581: checking netdb.h usability
configure:3581: gcc -c -g -O2  conftest.c >&5
configure:3581: $? = 0
configure:3581: result: yes
configure:3581: checking netdb.h presence
configure:3581: gcc -E  conftest.c
configure:3581: $? = 0
configure:3581: result: yes
configure:3581: checking for netdb.h
configure:3581: result: yes
configure:3581: checking netinet/in.h usability
configure:3581: gcc -c -g -O2  conftest.c >&5
configure:3581: $? = 0
configure:3581: result: yes
configure:3581: checking netinet/in.h presence
configure:3581: gcc -E  conftest.c
configure:3581: $? = 0
configure:3581: result: yes
configure:3581: checking for netinet/in.h
configure:3581: result: yes
configure:3581: checking for stdlib.h
configure:3581: result: yes
configure:3581: checking for string.h
configure:3581: result: yes
configure:3581: checking sys/socket.h usability
configure:3581: gcc -c -g -O2  conftest.c >&5
configure:3581: $? = 0
configure:3581: result: yes
configure:3581: checking sys/socket.h presence
configure:3581: gcc -E  conftest.c
configure:3581: $? = 0
configure:3581: result: yes
configure:3581: checking for sys/socket.h
configure:3581: result: yes
configure:3581: checking sys/time.h usability
configure:3581: gcc -c -g -O2  conftest.c >&5
configure:3581: $? = 0
configure:3581: result: yes
configure:3581: checking sys/time.h presence
configure:3581: gcc -E  conftest.c
configure:3581: $? = 0
configure:3581: result: yes
configure:3581: checking for sys/time.h
configure:3581: result: yes
configure:3581: checking for unistd.h
configure:3581: result: yes
configure:3597: checking for stdlib.h
configure:3597: result: yes
configure:3607: checking for GNU libc compatible malloc
configure:3631: gcc -o conftest -g -O2   conftest.c -lpthread  >&5
configure:3631: $? = 0
configure:3631: ./conftest
configure:3631: $? = 0
configure:3641: result: yes
configure:3665: checking for atexit
configure:3665: gcc -o conftest -g -O2   conftest.c -lpthread  >&5
configure:3665: $? = 0
configure:3665: result: yes
configure:3665: checking for gethostbyaddr
configure:3665: gcc -o conftest -g -O2   conftest.c -lpthread  >&5
configure:3665: $? = 0
configure:3665: result: yes
configure:3665: checking for gethostbyname
configure:3665: gcc -o conftest -g -O2   conftest.c -lpthread  >&5
configure:3665: $? = 0
configure:3665: result: yes
configure:3665: checking for inet_ntoa
configure:3665: gcc -o conftest -g -O2   conftest.c -lpthread  >&5
configure:3665: $? = 0
configure:3665: result: yes
configure:3665: checking for memset
configure:3665: gcc -o conftest -g -O2   conftest.c -lpthread  >&5
conftest.c:58:6: warning: conflicting types for built-in function 'memset'; expected 'void *(void *, int,  long unsigned int)' [-Wbuiltin-declaration-mismatch]
   58 | char memset ();
      |      ^~~~~~
conftest.c:46:1: note: 'memset' is declared in header '<string.h>'
   45 | # include <limits.h>
   46 | #else
configure:3665: $? = 0
configure:3665: result: yes
configure:3665: checking for setlocale
configure:3665: gcc -o conftest -g -O2   conftest.c -lpthread  >&5
configure:3665: $? = 0
configure:3665: result: yes
configure:3665: checking for socket
configure:3665: gcc -o conftest -g -O2   conftest.c -lpthread  >&5
configure:3665: $? = 0
configure:3665: result: yes
configure:3665: checking for strdup
configure:3665: gcc -o conftest -g -O2   conftest.c -lpthread  >&5
conftest.c:61:6: warning: conflicting types for built-in function 'strdup'; expected 'char *(const char *)' [-Wbuiltin-declaration-mismatch]
   61 | char strdup ();
      |      ^~~~~~
configure:3665: $? = 0
configure:3665: result: yes
configure:3665: checking for strerror
configure:3665: gcc -o conftest -g -O2   conftest.c -lpthread  >&5
configure:3665: $? = 0
configure:3665: result: yes
configure:3783: creating ./config.status

## ---------------------- ##
## Running config.status. ##
## ---------------------- ##

This file was extended by Parallel Network Scanner config.status 1.14.1, which was
generated by GNU Autoconf 2.69.  Invocation command line was

  CONFIG_FILES    = 
  CONFIG_HEADERS  = 
  CONFIG_LINKS    = 
  CONFIG_COMMANDS = 
  $ ./config.status 

on codespaces-7588f6

config.status:827: creating Makefile
config.status:827: creating pkgs/Makefile
config.status:827: creating pkgs/Makefile.port
config.status:827: creating pkgs/pnscan.rb
config.status:827: creating pkgs/pkginfo
config.status:827: creating pkgs/pnscan.spec
config.status:827: creating pkgs/pkg-descr
config.status:827: creating pkgs/build.sh
config.status:827: creating config.h

## ---------------- ##
## Cache variables. ##
## ---------------- ##

ac_cv_c_compiler_gnu=yes
ac_cv_env_CC_set=
ac_cv_env_CC_value=
ac_cv_env_CFLAGS_set=
ac_cv_env_CFLAGS_value=
ac_cv_env_CPPFLAGS_set=
ac_cv_env_CPPFLAGS_value=
ac_cv_env_CPP_set=
ac_cv_env_CPP_value=
ac_cv_env_LDFLAGS_set=
ac_cv_env_LDFLAGS_value=
ac_cv_env_LIBS_set=
ac_cv_env_LIBS_value=
ac_cv_env_build_alias_set=
ac_cv_env_build_alias_value=
ac_cv_env_host_alias_set=
ac_cv_env_host_alias_value=
ac_cv_env_target_alias_set=
ac_cv_env_target_alias_value=
ac_cv_func_atexit=yes
ac_cv_func_gethostbyaddr=yes
ac_cv_func_gethostbyname=yes
ac_cv_func_inet_ntoa=yes
ac_cv_func_malloc_0_nonnull=yes
ac_cv_func_memset=yes
ac_cv_func_setlocale=yes
ac_cv_func_socket=yes
ac_cv_func_strdup=yes
ac_cv_func_strerror=yes
ac_cv_header_arpa_inet_h=yes
ac_cv_header_fcntl_h=yes
ac_cv_header_inttypes_h=yes
ac_cv_header_locale_h=yes
ac_cv_header_memory_h=yes
ac_cv_header_netdb_h=yes
ac_cv_header_netinet_in_h=yes
ac_cv_header_stdc=yes
ac_cv_header_stdint_h=yes
ac_cv_header_stdlib_h=yes
ac_cv_header_string_h=yes
ac_cv_header_strings_h=yes
ac_cv_header_sys_socket_h=yes
ac_cv_header_sys_stat_h=yes
ac_cv_header_sys_time_h=yes
ac_cv_header_sys_types_h=yes
ac_cv_header_unistd_h=yes
ac_cv_objext=o
ac_cv_path_EGREP='/usr/bin/grep -E'
ac_cv_path_GREP=/usr/bin/grep
ac_cv_path_install='/usr/bin/install -c'
ac_cv_prog_CPP='gcc -E'
ac_cv_prog_ac_ct_CC=gcc
ac_cv_prog_cc_c89=
ac_cv_prog_cc_g=yes
ac_cv_prog_make_make_set=yes
ac_cv_search_connect='none required'
ac_cv_search_gethostbyname='none required'
ac_cv_search_pthread_create=-lpthread

## ----------------- ##
## Output variables. ##
## ----------------- ##

CC='gcc'
CFLAGS='-g -O2'
CPP='gcc -E'
CPPFLAGS=''
DEFS='-DHAVE_CONFIG_H'
ECHO_C=''
ECHO_N='-n'
ECHO_T=''
EGREP='/usr/bin/grep -E'
EXEEXT=''
GREP='/usr/bin/grep'
INSTALL_DATA='${INSTALL} -m 644'
INSTALL_PROGRAM='${INSTALL}'
INSTALL_SCRIPT='${INSTALL}'
LDFLAGS=''
LIBOBJS=''
LIBS='-lpthread '
LTLIBOBJS=''
OBJEXT='o'
PACKAGE_BUGREPORT='pen@lysator.liu.se'
PACKAGE_NAME='Parallel Network Scanner'
PACKAGE_STRING='Parallel Network Scanner 1.14.1'
PACKAGE_TARNAME='pnscan'
PACKAGE_URL='https://github.com/ptrrkssn/pnscan'
PACKAGE_VERSION='1.14.1'
PATH_SEPARATOR=':'
SET_MAKE=''
SHELL='/bin/bash'
ac_ct_CC='gcc'
bindir='${exec_prefix}/bin'
build_alias=''
datadir='${datarootdir}'
datarootdir='${prefix}/share'
docdir='${datarootdir}/doc/${PACKAGE_TARNAME}'
dvidir='${docdir}'
exec_prefix='${prefix}'
host_alias=''
htmldir='${docdir}'
includedir='${prefix}/include'
infodir='${datarootdir}/info'
libdir='${exec_prefix}/lib'
libexecdir='${exec_prefix}/libexec'
localedir='${datarootdir}/locale'
localstatedir='${prefix}/var'
mandir='${datarootdir}/man'
oldincludedir='/usr/include'
pdfdir='${docdir}'
prefix='/usr/local'
program_transform_name='s,x,x,'
psdir='${docdir}'
sbindir='${exec_prefix}/sbin'
sharedstatedir='${prefix}/com'
sysconfdir='${prefix}/etc'
target_alias=''

## ----------- ##
## confdefs.h. ##
## ----------- ##

/* confdefs.h */
#define PACKAGE_NAME "Parallel Network Scanner"
#define PACKAGE_TARNAME "pnscan"
#define PACKAGE_VERSION "1.14.1"
#define PACKAGE_STRING "Parallel Network Scanner 1.14.1"
#define PACKAGE_BUGREPORT "pen@lysator.liu.se"
#define PACKAGE_URL "https://github.com/ptrrkssn/pnscan"
#define STDC_HEADERS 1
#define HAVE_SYS_TYPES_H 1
#define HAVE_SYS_STAT_H 1
#define HAVE_STDLIB_H 1
#define HAVE_STRING_H 1
#define HAVE_MEMORY_H 1
#define HAVE_STRINGS_H 1
#define HAVE_INTTYPES_H 1
#define HAVE_STDINT_H 1
#define HAVE_UNISTD_H 1
#define HAVE_ARPA_INET_H 1
#define HAVE_FCNTL_H 1
#define HAVE_LOCALE_H 1
#define HAVE_NETDB_H 1
#define HAVE_NETINET_IN_H 1
#define HAVE_STDLIB_H 1
#define HAVE_STRING_H 1
#define HAVE_SYS_SOCKET_H 1
#define HAVE_SYS_TIME_H 1
#define HAVE_UNISTD_H 1
#define HAVE_STDLIB_H 1
#define HAVE_MALLOC 1
#define HAVE_ATEXIT 1
#define HAVE_GETHOSTBYADDR 1
#define HAVE_GETHOSTBYNAME 1
#define HAVE_INET_NTOA 1
#define HAVE_MEMSET 1
#define HAVE_SETLOCALE 1
#define HAVE_SOCKET 1
#define HAVE_STRDUP 1
#define HAVE_STRERROR 1

configure: exit 0
